Flow report for Lab62
Wed May 10 13:57:21 2023
Quartus Prime Version 18.1.0 Build 625 09/12/2018 SJ Lite Edition


---------------------
; Table of Contents ;
---------------------
  1. Legal Notice
  2. Flow Summary
  3. Flow Settings
  4. Flow Non-Default Global Settings
  5. Flow Elapsed Time
  6. Flow OS Summary
  7. Flow Log
  8. Flow Messages
  9. Flow Suppressed Messages



----------------
; Legal Notice ;
----------------
Copyright (C) 2018  Intel Corporation. All rights reserved.
Your use of Intel Corporation's design tools, logic functions 
and other software and tools, and its AMPP partner logic 
functions, and any output files from any of the foregoing 
(including device programming or simulation files), and any 
associated documentation or information are expressly subject 
to the terms and conditions of the Intel Program License 
Subscription Agreement, the Intel Quartus Prime License Agreement,
the Intel FPGA IP License Agreement, or other applicable license
agreement, including, without limitation, that your use is for
the sole purpose of programming logic devices manufactured by
Intel and sold by Intel or its authorized distributors.  Please
refer to the applicable agreement for further details.



+----------------------------------------------------------------------------------+
; Flow Summary                                                                     ;
+------------------------------------+---------------------------------------------+
; Flow Status                        ; Successful - Wed May 10 13:57:00 2023       ;
; Quartus Prime Version              ; 18.1.0 Build 625 09/12/2018 SJ Lite Edition ;
; Revision Name                      ; Lab62                                       ;
; Top-level Entity Name              ; lab62                                       ;
; Family                             ; MAX 10                                      ;
; Device                             ; 10M50DAF484C7G                              ;
; Timing Models                      ; Final                                       ;
; Total logic elements               ; 10,151 / 49,760 ( 20 % )                    ;
;     Total combinational functions  ; 9,803 / 49,760 ( 20 % )                     ;
;     Dedicated logic registers      ; 2,331 / 49,760 ( 5 % )                      ;
; Total registers                    ; 2400                                        ;
; Total pins                         ; 141 / 360 ( 39 % )                          ;
; Total virtual pins                 ; 0                                           ;
; Total memory bits                  ; 11,264 / 1,677,312 ( < 1 % )                ;
; Embedded Multiplier 9-bit elements ; 0 / 288 ( 0 % )                             ;
; Total PLLs                         ; 1 / 4 ( 25 % )                              ;
; UFM blocks                         ; 0 / 1 ( 0 % )                               ;
; ADC blocks                         ; 0 / 2 ( 0 % )                               ;
+------------------------------------+---------------------------------------------+


+-----------------------------------------+
; Flow Settings                           ;
+-------------------+---------------------+
; Option            ; Setting             ;
+-------------------+---------------------+
; Start date & time ; 05/10/2023 13:47:17 ;
; Main task         ; Compilation         ;
; Revision Name     ; Lab62               ;
+-------------------+---------------------+


+----------------------------------------------------------------------------------------------------------------------------------------------------+
; Flow Non-Default Global Settings                                                                                                                   ;
+-------------------------------------+-------------------------------------------------------------+---------------+-------------------+------------+
; Assignment Name                     ; Value                                                       ; Default Value ; Entity Name       ; Section Id ;
+-------------------------------------+-------------------------------------------------------------+---------------+-------------------+------------+
; COMPILER_SIGNATURE_ID               ; 211375644177730.168374443620088                             ; --            ; --                ; --         ;
; FLOW_ENABLE_POWER_ANALYZER          ; On                                                          ; Off           ; --                ; --         ;
; MAX_CORE_JUNCTION_TEMP              ; 85                                                          ; --            ; --                ; --         ;
; MIN_CORE_JUNCTION_TEMP              ; 0                                                           ; --            ; --                ; --         ;
; MISC_FILE                           ; lab62_soc/synthesis/../lab62_soc.cmp                        ; --            ; --                ; --         ;
; MISC_FILE                           ; lab62_soc/synthesis/../../lab62_soc.qsys                    ; --            ; --                ; --         ;
; PARTITION_COLOR                     ; -- (Not supported for targeted family)                      ; --            ; DE10_LITE_Default ; Top        ;
; PARTITION_COLOR                     ; -- (Not supported for targeted family)                      ; --            ; lab62             ; Top        ;
; PARTITION_FITTER_PRESERVATION_LEVEL ; -- (Not supported for targeted family)                      ; --            ; DE10_LITE_Default ; Top        ;
; PARTITION_FITTER_PRESERVATION_LEVEL ; -- (Not supported for targeted family)                      ; --            ; lab62             ; Top        ;
; PARTITION_NETLIST_TYPE              ; -- (Not supported for targeted family)                      ; --            ; DE10_LITE_Default ; Top        ;
; PARTITION_NETLIST_TYPE              ; -- (Not supported for targeted family)                      ; --            ; lab62             ; Top        ;
; POWER_BOARD_THERMAL_MODEL           ; None (CONSERVATIVE)                                         ; --            ; --                ; --         ;
; POWER_DEFAULT_INPUT_IO_TOGGLE_RATE  ; 12.5 %                                                      ; 12.5%         ; --                ; --         ;
; POWER_PRESET_COOLING_SOLUTION       ; 23 MM HEAT SINK WITH 200 LFPM AIRFLOW                       ; --            ; --                ; --         ;
; PROJECT_OUTPUT_DIRECTORY            ; output_files                                                ; --            ; --                ; --         ;
; SLD_FILE                            ; lab62_soc/synthesis/lab62_soc.regmap                        ; --            ; --                ; --         ;
; SLD_FILE                            ; lab62_soc/synthesis/lab62_soc.debuginfo                     ; --            ; --                ; --         ;
; SLD_INFO                            ; QSYS_NAME lab62_soc HAS_SOPCINFO 1 GENERATION_ID 1682370748 ; --            ; lab62_soc         ; --         ;
; SOPCINFO_FILE                       ; lab62_soc/synthesis/../../lab62_soc.sopcinfo                ; --            ; --                ; --         ;
; SYNTHESIS_ONLY_QIP                  ; On                                                          ; --            ; --                ; --         ;
+-------------------------------------+-------------------------------------------------------------+---------------+-------------------+------------+


+--------------------------------------------------------------------------------------------------------------------------+
; Flow Elapsed Time                                                                                                        ;
+----------------------+--------------+-------------------------+---------------------+------------------------------------+
; Module Name          ; Elapsed Time ; Average Processors Used ; Peak Virtual Memory ; Total CPU Time (on all processors) ;
+----------------------+--------------+-------------------------+---------------------+------------------------------------+
; Analysis & Synthesis ; 00:06:59     ; 1.0                     ; 5173 MB             ; 00:07:21                           ;
; Fitter               ; 00:01:34     ; 1.5                     ; 5868 MB             ; 00:02:42                           ;
; Assembler            ; 00:00:14     ; 1.0                     ; 4712 MB             ; 00:00:10                           ;
; Power Analyzer       ; 00:00:27     ; 1.5                     ; 4989 MB             ; 00:00:41                           ;
; Timing Analyzer      ; 00:00:20     ; 2.3                     ; 4959 MB             ; 00:00:37                           ;
; Total                ; 00:09:34     ; --                      ; --                  ; 00:11:31                           ;
+----------------------+--------------+-------------------------+---------------------+------------------------------------+


+------------------------------------------------------------------------------------+
; Flow OS Summary                                                                    ;
+----------------------+------------------+------------+------------+----------------+
; Module Name          ; Machine Hostname ; OS Name    ; OS Version ; Processor type ;
+----------------------+------------------+------------+------------+----------------+
; Analysis & Synthesis ; DIEGOSLAPTOP     ; Windows 10 ; 10.0       ; x86_64         ;
; Fitter               ; DIEGOSLAPTOP     ; Windows 10 ; 10.0       ; x86_64         ;
; Assembler            ; DIEGOSLAPTOP     ; Windows 10 ; 10.0       ; x86_64         ;
; Power Analyzer       ; DIEGOSLAPTOP     ; Windows 10 ; 10.0       ; x86_64         ;
; Timing Analyzer      ; DIEGOSLAPTOP     ; Windows 10 ; 10.0       ; x86_64         ;
+----------------------+------------------+------------+------------+----------------+


------------
; Flow Log ;
------------
quartus_map --read_settings_files=on --write_settings_files=off Lab62 -c Lab62
quartus_fit --read_settings_files=off --write_settings_files=off Lab62 -c Lab62
quartus_asm --read_settings_files=off --write_settings_files=off Lab62 -c Lab62
quartus_pow --read_settings_files=off --write_settings_files=off Lab62 -c Lab62
quartus_sta Lab62 -c Lab62



